2021-05-13 16:47:17 INFO  Log:15 - ****************************************************************************************
2021-05-13 16:47:17 INFO  Log:17 - ****************************************************************************************
2021-05-13 16:47:17 INFO  Log:19 - $$$$$$$$$$$$$$$$$$$$$                 Reqres API Test       $$$$$$$$$$$$$$$$$$$$$$$$$
2021-05-13 16:47:17 INFO  Log:21 - ****************************************************************************************
2021-05-13 16:47:17 INFO  Log:23 - ****************************************************************************************
2021-05-13 16:47:17 INFO  Log:47 - Cucumber Hostname URL is :: https://reqres.in/api/users?page=2
2021-05-13 16:47:17 INFO  Log:47 - Cucumber Test case name is :: List User
2021-05-13 16:47:17 INFO  Log:47 - Content type is :: application/json
2021-05-13 16:47:22 INFO  Log:47 - Status Code is :: 200
2021-05-13 16:47:22 INFO  Log:15 - ****************************************************************************************
2021-05-13 16:47:22 INFO  Log:17 - ****************************************************************************************
2021-05-13 16:47:22 INFO  Log:19 - $$$$$$$$$$$$$$$$$$$$$                 Reqres API Test       $$$$$$$$$$$$$$$$$$$$$$$$$
2021-05-13 16:47:22 INFO  Log:21 - ****************************************************************************************
2021-05-13 16:47:22 INFO  Log:23 - ****************************************************************************************
2021-05-13 16:47:22 INFO  Log:47 - Cucumber Hostname URL is :: https://reqres.in/api/users/2
2021-05-13 16:47:22 INFO  Log:47 - Cucumber Test case name is :: View Single User
2021-05-13 16:47:22 INFO  Log:47 - Content type is :: application/json
2021-05-13 16:47:23 INFO  Log:47 - Status Code is :: 200
2021-05-13 16:47:23 INFO  Log:47 - Actual Value is  ::janet.weaver@reqres.in
2021-05-13 16:47:23 INFO  Log:47 - Expected Value is  ::janet.weaver@reqres.in
2021-05-13 16:47:23 INFO  Log:47 - Actual Value is  ::Janet
2021-05-13 16:47:23 INFO  Log:47 - Expected Value is  ::Janet
2021-05-13 16:47:23 INFO  Log:47 - Actual Value is  ::Weaver
2021-05-13 16:47:23 INFO  Log:47 - Expected Value is  ::Weaver
