2021-05-13 16:48:49 INFO  Log:15 - ****************************************************************************************
2021-05-13 16:48:49 INFO  Log:17 - ****************************************************************************************
2021-05-13 16:48:49 INFO  Log:19 - $$$$$$$$$$$$$$$$$$$$$                 Reqres API Test       $$$$$$$$$$$$$$$$$$$$$$$$$
2021-05-13 16:48:49 INFO  Log:21 - ****************************************************************************************
2021-05-13 16:48:49 INFO  Log:23 - ****************************************************************************************
2021-05-13 16:48:50 INFO  Log:47 - Cucumber Hostname URL is :: https://reqres.in/api/users?page=2
2021-05-13 16:48:50 INFO  Log:47 - Cucumber Test case name is :: List User
2021-05-13 16:48:50 INFO  Log:47 - Content type is :: application/json
2021-05-13 16:49:09 INFO  Log:47 - Status Code is :: 200
2021-05-13 16:49:09 INFO  Log:15 - ****************************************************************************************
2021-05-13 16:49:09 INFO  Log:17 - ****************************************************************************************
2021-05-13 16:49:09 INFO  Log:19 - $$$$$$$$$$$$$$$$$$$$$                 Reqres API Test       $$$$$$$$$$$$$$$$$$$$$$$$$
2021-05-13 16:49:09 INFO  Log:21 - ****************************************************************************************
2021-05-13 16:49:09 INFO  Log:23 - ****************************************************************************************
2021-05-13 16:49:09 INFO  Log:47 - Cucumber Hostname URL is :: https://reqres.in/api/users/2
2021-05-13 16:49:09 INFO  Log:47 - Cucumber Test case name is :: View Single User
2021-05-13 16:49:09 INFO  Log:47 - Content type is :: application/json
2021-05-13 16:49:09 INFO  Log:47 - Status Code is :: 200
2021-05-13 16:49:09 INFO  Log:47 - Actual Value is  ::janet.weaver@reqres.in
2021-05-13 16:49:09 INFO  Log:47 - Expected Value is  ::janet.weaver@reqres.in
2021-05-13 16:49:09 INFO  Log:47 - Actual Value is  ::Janet
2021-05-13 16:49:09 INFO  Log:47 - Expected Value is  ::Janet
2021-05-13 16:49:09 INFO  Log:47 - Actual Value is  ::Weaver
2021-05-13 16:49:09 INFO  Log:47 - Expected Value is  ::Weaver
2021-05-13 17:36:27 INFO  Log:15 - ****************************************************************************************
2021-05-13 17:36:27 INFO  Log:17 - ****************************************************************************************
2021-05-13 17:36:27 INFO  Log:19 - $$$$$$$$$$$$$$$$$$$$$                 Reqres API Test       $$$$$$$$$$$$$$$$$$$$$$$$$
2021-05-13 17:36:27 INFO  Log:21 - ****************************************************************************************
2021-05-13 17:36:27 INFO  Log:23 - ****************************************************************************************
2021-05-13 17:36:27 INFO  Log:47 - Cucumber Hostname URL is :: https://reqres.in/api/users
2021-05-13 17:36:27 INFO  Log:47 - Cucumber Test case name is :: Create User
2021-05-13 17:36:27 INFO  Log:47 - Content type is :: application/json
2021-05-13 17:36:29 INFO  Log:47 - Path of requestbody file is :: D:\Project\Automation\ReqresAPI//src//test//java//Testdata/test.json
2021-05-13 17:36:29 INFO  Log:47 - Request Body is :: {"name":"morpheus","job":"leader"}
2021-05-13 17:36:35 INFO  Log:47 - Status Code is :: 201
2021-05-13 17:36:35 INFO  Log:47 - application/json; charset=utf-8
2021-05-13 17:36:35 INFO  Log:47 - Actual Value is  :: morpheus
2021-05-13 17:36:35 INFO  Log:47 - Expected Value is  :: morpheus
2021-05-13 17:36:35 INFO  Log:47 - Actual Value is  :: leader
2021-05-13 17:36:35 INFO  Log:47 - Expected Value is  :: leader
2021-05-13 17:53:57 INFO  Log:15 - ****************************************************************************************
2021-05-13 17:53:57 INFO  Log:17 - ****************************************************************************************
2021-05-13 17:53:57 INFO  Log:19 - $$$$$$$$$$$$$$$$$$$$$                 Reqres API Test       $$$$$$$$$$$$$$$$$$$$$$$$$
2021-05-13 17:53:57 INFO  Log:21 - ****************************************************************************************
2021-05-13 17:53:57 INFO  Log:23 - ****************************************************************************************
2021-05-13 17:53:57 INFO  Log:47 - Cucumber Hostname URL is :: https://reqres.in/api/users
2021-05-13 17:53:57 INFO  Log:47 - Cucumber Test case name is :: Create User
2021-05-13 17:53:57 INFO  Log:47 - Content type is :: application/json
2021-05-13 17:54:00 INFO  Log:47 - Path of requestbody file is :: D:\Project\Automation\ReqresAPI//src//test//java//Testdata/test.json
2021-05-13 17:54:00 INFO  Log:47 - Request Body is :: {"name":"morpheus","job":"leader"}
2021-05-13 17:54:08 INFO  Log:47 - Status Code is :: 201
2021-05-13 17:54:08 INFO  Log:47 - Content Type contains as expected :: application/json; charset=utf-8
2021-05-13 17:54:08 INFO  Log:47 - Actual Value is  :: morpheus
2021-05-13 17:54:08 INFO  Log:47 - Expected Value is  :: morpheus
2021-05-13 17:54:08 INFO  Log:47 - Actual Value is  :: leader
2021-05-13 17:54:08 INFO  Log:47 - Expected Value is  :: leader
2021-05-14 16:44:50 INFO  Log:15 - ****************************************************************************************
2021-05-14 16:44:50 INFO  Log:17 - ****************************************************************************************
2021-05-14 16:44:50 INFO  Log:19 - $$$$$$$$$$$$$$$$$$$$$                 Reqres API Test       $$$$$$$$$$$$$$$$$$$$$$$$$
2021-05-14 16:44:50 INFO  Log:21 - ****************************************************************************************
2021-05-14 16:44:50 INFO  Log:23 - ****************************************************************************************
2021-05-14 16:44:51 INFO  Log:47 - Cucumber Hostname URL is :: https://reqres.in/api/users
2021-05-14 16:44:51 INFO  Log:47 - Cucumber Test case name is :: Create User
2021-05-14 16:44:51 INFO  Log:47 - Content type is :: application/json
2021-05-14 16:44:57 INFO  Log:47 - Path of requestbody file is :: D:\Project\Automation\ReqresAPI//src//test//java//Testdata/test.json
2021-05-14 16:44:57 INFO  Log:47 - Request Body is :: {"name":"morpheus","job":"leader"}
2021-05-14 16:45:08 INFO  Log:47 - Status Code is :: 201
2021-05-14 16:45:08 INFO  Log:47 - Content Type contains as expected :: application/json; charset=utf-8
2021-05-14 16:45:08 INFO  Log:47 - Actual Value is  :: morpheus
2021-05-14 16:45:08 INFO  Log:47 - Expected Value is  :: morpheus
2021-05-14 16:45:08 INFO  Log:47 - Actual Value is  :: leader
2021-05-14 16:45:08 INFO  Log:47 - Expected Value is  :: leader
2021-05-14 16:45:08 INFO  Log:15 - ****************************************************************************************
2021-05-14 16:45:08 INFO  Log:17 - ****************************************************************************************
2021-05-14 16:45:08 INFO  Log:19 - $$$$$$$$$$$$$$$$$$$$$                 Reqres API Test       $$$$$$$$$$$$$$$$$$$$$$$$$
2021-05-14 16:45:08 INFO  Log:21 - ****************************************************************************************
2021-05-14 16:45:08 INFO  Log:23 - ****************************************************************************************
2021-05-14 16:45:08 INFO  Log:47 - Cucumber Hostname URL is :: https://reqres.in/api/users
2021-05-14 16:45:08 INFO  Log:47 - Cucumber Test case name is :: Create User
2021-05-14 16:45:08 INFO  Log:47 - Content type is :: application/json
2021-05-14 16:45:08 INFO  Log:47 - Path of requestbody file is :: D:\Project\Automation\ReqresAPI//src//test//java//Testdata/test.json
2021-05-14 16:45:08 INFO  Log:47 - Request Body is :: {"name":"morpheus","job":"leader"}
2021-05-14 16:45:09 INFO  Log:47 - Status Code is :: 201
2021-05-14 16:45:09 INFO  Log:47 - Content Type contains as expected :: application/json; charset=utf-8
2021-05-14 16:45:09 INFO  Log:47 - Actual Value is  :: morpheus
2021-05-14 16:45:09 INFO  Log:47 - Expected Value is  :: morpheus
2021-05-14 16:45:09 INFO  Log:47 - Actual Value is  :: leader
2021-05-14 16:45:09 INFO  Log:47 - Expected Value is  :: manager
2021-05-14 16:45:09 ERROR Log:59 - Actual Value is  :: leader does not match with manager
2021-05-14 16:45:10 INFO  Log:15 - ****************************************************************************************
2021-05-14 16:45:10 INFO  Log:17 - ****************************************************************************************
2021-05-14 16:45:10 INFO  Log:19 - $$$$$$$$$$$$$$$$$$$$$                 Reqres API Test       $$$$$$$$$$$$$$$$$$$$$$$$$
2021-05-14 16:45:10 INFO  Log:21 - ****************************************************************************************
2021-05-14 16:45:10 INFO  Log:23 - ****************************************************************************************
2021-05-14 16:45:10 INFO  Log:47 - Cucumber Hostname URL is :: https://reqres.in/api/users/2
2021-05-14 16:45:10 INFO  Log:47 - Cucumber Test case name is :: Delete User
2021-05-14 16:45:10 INFO  Log:47 - Content type is :: application/json
2021-05-14 16:45:11 INFO  Log:47 - Status Code is :: 204
2021-05-14 16:45:11 INFO  Log:15 - ****************************************************************************************
2021-05-14 16:45:11 INFO  Log:17 - ****************************************************************************************
2021-05-14 16:45:11 INFO  Log:19 - $$$$$$$$$$$$$$$$$$$$$                 Reqres API Test       $$$$$$$$$$$$$$$$$$$$$$$$$
2021-05-14 16:45:11 INFO  Log:21 - ****************************************************************************************
2021-05-14 16:45:11 INFO  Log:23 - ****************************************************************************************
2021-05-14 16:45:11 INFO  Log:47 - Cucumber Hostname URL is :: https://reqres.in/api/users?page=2
2021-05-14 16:45:11 INFO  Log:47 - Cucumber Test case name is :: List User
2021-05-14 16:45:11 INFO  Log:47 - Content type is :: application/json
2021-05-14 16:45:12 INFO  Log:47 - Status Code is :: 200
2021-05-14 16:45:12 INFO  Log:15 - ****************************************************************************************
2021-05-14 16:45:12 INFO  Log:17 - ****************************************************************************************
2021-05-14 16:45:12 INFO  Log:19 - $$$$$$$$$$$$$$$$$$$$$                 Reqres API Test       $$$$$$$$$$$$$$$$$$$$$$$$$
2021-05-14 16:45:12 INFO  Log:21 - ****************************************************************************************
2021-05-14 16:45:12 INFO  Log:23 - ****************************************************************************************
2021-05-14 16:45:12 INFO  Log:47 - Cucumber Hostname URL is :: https://reqres.in/api/users?page=2
2021-05-14 16:45:12 INFO  Log:47 - Cucumber Test case name is :: List User
2021-05-14 16:45:12 INFO  Log:47 - Content type is :: application/json
2021-05-14 16:45:13 INFO  Log:15 - ****************************************************************************************
2021-05-14 16:45:13 INFO  Log:17 - ****************************************************************************************
2021-05-14 16:45:13 INFO  Log:19 - $$$$$$$$$$$$$$$$$$$$$                 Reqres API Test       $$$$$$$$$$$$$$$$$$$$$$$$$
2021-05-14 16:45:13 INFO  Log:21 - ****************************************************************************************
2021-05-14 16:45:13 INFO  Log:23 - ****************************************************************************************
2021-05-14 16:45:13 INFO  Log:47 - Cucumber Hostname URL is :: https://reqres.in/api/users/2
2021-05-14 16:45:13 INFO  Log:47 - Cucumber Test case name is :: Update User
2021-05-14 16:45:13 INFO  Log:47 - Content type is :: application/json
2021-05-14 16:45:13 INFO  Log:47 - Path of requestbody file is :: D:\Project\Automation\ReqresAPI//src//test//java//testdata/updateUserData.json
2021-05-14 16:45:13 INFO  Log:47 - Request Body is :: {"name":"morpheus","job":"zion resident"}
2021-05-14 16:45:15 INFO  Log:47 - Status Code is :: 201
2021-05-14 16:45:15 INFO  Log:47 - Actual Value is  :: morpheus
2021-05-14 16:45:15 INFO  Log:47 - Expected Value is  :: morpheus
2021-05-14 16:45:15 INFO  Log:47 - Actual Value is  :: zion resident
2021-05-14 16:45:15 INFO  Log:47 - Expected Value is  :: zion resident
2021-05-14 16:45:15 INFO  Log:15 - ****************************************************************************************
2021-05-14 16:45:15 INFO  Log:17 - ****************************************************************************************
2021-05-14 16:45:15 INFO  Log:19 - $$$$$$$$$$$$$$$$$$$$$                 Reqres API Test       $$$$$$$$$$$$$$$$$$$$$$$$$
2021-05-14 16:45:15 INFO  Log:21 - ****************************************************************************************
2021-05-14 16:45:15 INFO  Log:23 - ****************************************************************************************
2021-05-14 16:45:15 INFO  Log:47 - Cucumber Hostname URL is :: https://reqres.in/api/users/2
2021-05-14 16:45:15 INFO  Log:47 - Cucumber Test case name is :: View Single User
2021-05-14 16:45:15 INFO  Log:47 - Content type is :: application/json
2021-05-14 16:45:16 INFO  Log:47 - Status Code is :: 200
2021-05-14 16:45:16 INFO  Log:47 - Actual Value is  :: janet.weaver@reqres.in
2021-05-14 16:45:16 INFO  Log:47 - Expected Value is  :: janet.weaver@reqres.in
2021-05-14 16:45:16 INFO  Log:47 - Actual Value is  :: Janet
2021-05-14 16:45:16 INFO  Log:47 - Expected Value is  :: Janet
2021-05-14 16:45:16 INFO  Log:47 - Actual Value is  :: Weaver
2021-05-14 16:45:16 INFO  Log:47 - Expected Value is  :: Weaver
